[2017-11-12 15:05:50.837] [INFO] resLogger - 
*************** response log start ***************
request method：GET
request originalUrl：/api/getUser
request client ip：::1
request query：{}
response time：1
response body：
undefined
*************** response log end ***************

[2017-11-12 15:09:05.751] [INFO] resLogger - 
*************** response log start ***************
request method：GET
request originalUrl：/api/getUser
request client ip：::1
request query：{}
response time：0
response body：
undefined
*************** response log end ***************

[2017-11-12 15:10:27.439] [INFO] resLogger - 
*************** response log start ***************
request method：GET
request originalUrl：/api/users/getUser
request client ip：::1
request query：{}
response time：8
response body：
{"username":"username","age":20}
*************** response log end ***************

[2017-11-12 15:12:46.170] [INFO] resLogger - 
*************** response log start ***************
request method：POST
request originalUrl：/api/users/registerUser
request client ip：::1
request body：undefined
response time：4
response body：
undefined
*************** response log end ***************

[2017-11-12 15:13:25.577] [INFO] resLogger - 
*************** response log start ***************
request method：POST
request originalUrl：/api/users/registerUser
request client ip：::1
request body：undefined
response time：4
response body：
undefined
*************** response log end ***************

[2017-11-12 15:52:56.175] [INFO] resLogger - 
*************** response log start ***************
request method：POST
request originalUrl：/api/users/registerUser
request client ip：::1
request body：{"code":0,"message":"success"}
response time：7
response body：
{"code":0,"message":"success"}
*************** response log end ***************

[2017-11-12 15:53:04.923] [INFO] resLogger - 
*************** response log start ***************
request method：POST
request originalUrl：/api/users/getUser
request client ip：::1
request body：{"code":0,"message":"success"}
response time：1
response body：
{"code":0,"message":"success"}
*************** response log end ***************

[2017-11-12 15:53:06.396] [INFO] resLogger - 
*************** response log start ***************
request method：POST
request originalUrl：/api/users/getUser
request client ip：::1
request body：{"code":0,"message":"success"}
response time：0
response body：
{"code":0,"message":"success"}
*************** response log end ***************

[2017-11-12 15:53:06.661] [INFO] resLogger - 
*************** response log start ***************
request method：POST
request originalUrl：/api/users/getUser
request client ip：::1
request body：{"code":0,"message":"success"}
response time：1
response body：
{"code":0,"message":"success"}
*************** response log end ***************

[2017-11-12 15:53:06.879] [INFO] resLogger - 
*************** response log start ***************
request method：POST
request originalUrl：/api/users/getUser
request client ip：::1
request body：{"code":0,"message":"success"}
response time：0
response body：
{"code":0,"message":"success"}
*************** response log end ***************

[2017-11-12 15:53:07.107] [INFO] resLogger - 
*************** response log start ***************
request method：POST
request originalUrl：/api/users/getUser
request client ip：::1
request body：{"code":0,"message":"success"}
response time：0
response body：
{"code":0,"message":"success"}
*************** response log end ***************

[2017-11-12 15:53:11.078] [INFO] resLogger - 
*************** response log start ***************
request method：GET
request originalUrl：/api/users/getUser
request client ip：::1
request query：{}
response time：1
response body：
{"code":0,"message":"success","data":{"username":"username","age":20}}
*************** response log end ***************

