[2017-11-12 16:10:21.495] [INFO] resLogger - 
*************** response log start ***************
request method：GET
request originalUrl：/api/users/getUser
request client ip：::1
request query：{}
response time：6
response body：
{"code":0,"message":"success","data":{"username":"username","age":20}}
*************** response log end ***************

[2017-11-12 16:10:27.639] [INFO] resLogger - 
*************** response log start ***************
request method：GET
request originalUrl：/
request client ip：::1
request query：{}
response time：523
response body：
"<!DOCTYPE html><html><head><title>Hello Koa 2!</title><link rel=\"stylesheet\" href=\"/stylesheets/style.css\"></head><body><h1>Hello Koa 2!</h1><p>Welcome to Hello Koa 2!</p></body></html>"
*************** response log end ***************

